INFO:root:Dataset loaded successfully.
INFO:root:Dataset loaded successfully.
INFO:root:Dataset loaded successfully.
INFO:root:Datasets loaded successfully.
INFO:root:Datasets loaded successfully.
INFO:root:Datasets loaded successfully.
INFO:root:Datasets loaded successfully.
INFO:root:Datasets loaded successfully.
INFO:root:Datasets loaded successfully.
INFO:root:Datasets loaded successfully.
INFO:root:Datasets loaded successfully.
INFO:root:Datasets loaded successfully.
INFO:root:Datasets loaded successfully.
INFO:root:Dataset saved to movies_dataset.json.
INFO:root:Datasets loaded successfully.
INFO:root:Dataset saved to movies_dataset.json.
INFO:root:Datasets loaded successfully.
INFO:root:Datasets loaded successfully.
INFO:root:Dataset saved to movies_dataset.json.
INFO:root:Datasets loaded successfully.
INFO:root:Datasets loaded successfully.
INFO:root:Datasets loaded successfully.
INFO:root:Datasets loaded successfully.
INFO:root:Dataset saved to movies_dataset.json.
INFO:root:Datasets loaded successfully.
INFO:root:Dataset saved to movies_dataset.json.
INFO:root:Datasets loaded successfully.
INFO:root:Dataset saved to ../movies_dataset.json.
INFO:root:Datasets loaded successfully.
INFO:root:Datasets loaded successfully.
INFO:root:Datasets loaded successfully.
INFO:root:Datasets loaded successfully.
INFO:root:Datasets loaded successfully.
ERROR:root:Error loading datasets: argument of type 'method' is not iterable
INFO:root:Datasets loaded successfully.
INFO:root:Datasets loaded successfully.
INFO:root:Datasets loaded successfully.
INFO:root:Datasets loaded successfully.
INFO:root:Datasets loaded successfully.
INFO:root:Datasets loaded successfully.
INFO:root:Datasets loaded successfully.
INFO:root:Datasets loaded successfully.
INFO:root:Datasets loaded successfully.
INFO:root:Datasets loaded successfully.
INFO:root:Datasets loaded successfully.
INFO:root:Datasets loaded successfully.
INFO:root:Datasets loaded successfully.
INFO:root:Datasets loaded successfully.
INFO:root:Datasets loaded successfully.
INFO:root:Datasets loaded successfully.
INFO:root:Datasets loaded successfully.
INFO:root:Datasets loaded successfully.
INFO:root:Datasets loaded successfully.
INFO:root:Datasets loaded successfully.
INFO:root:Datasets loaded successfully.
INFO:root:Datasets loaded successfully.
INFO:root:Datasets loaded successfully.
INFO:root:Datasets loaded successfully.
INFO:root:Datasets loaded successfully.
INFO:root:Datasets loaded successfully.
INFO:root:Datasets loaded successfully.
INFO:root:Datasets loaded successfully.
INFO:root:Datasets loaded successfully.
INFO:root:Datasets loaded successfully.
INFO:root:Datasets loaded successfully.
INFO:root:Datasets loaded successfully.
